[debug] [2025-09-02T12:39:54.425Z] ----------------------------------------------------------------------
[debug] [2025-09-02T12:39:54.428Z] Command:       /nix/store/ws50yvm6vzlzf7jzz6n7xh4szddrack1-nodejs-20.19.1/bin/node /nix/store/mb7dm7av34020nn56xbny0fl17nwiddp-firebase-tools-14.14.0/lib/node_modules/firebase-tools/lib/bin/firebase.js init
[debug] [2025-09-02T12:39:54.428Z] CLI Version:   14.14.0
[debug] [2025-09-02T12:39:54.428Z] Platform:      linux
[debug] [2025-09-02T12:39:54.428Z] Node Version:  v20.19.1
[debug] [2025-09-02T12:39:54.429Z] Time:          Tue Sep 02 2025 12:39:54 GMT+0000 (Coordinated Universal Time)
[debug] [2025-09-02T12:39:54.429Z] ----------------------------------------------------------------------
[debug] 
[debug] [2025-09-02T12:39:54.434Z] No OAuth tokens found
[debug] [2025-09-02T12:39:54.435Z] No OAuth tokens found
[error] Failed to fetch Firebase Project from current Studio Workspace: Unable to refresh auth: not yet authenticated.
[debug] [2025-09-02T12:39:54.440Z] > command requires scopes: ["email","openid","https://www.googleapis.com/auth/cloudplatformprojects.readonly","https://www.googleapis.com/auth/firebase","https://www.googleapis.com/auth/cloud-platform","https://www.googleapis.com/auth/userinfo.email"]
[debug] [2025-09-02T12:39:54.440Z] > authorizing via signed-in user (kartavyasoni175@gmail.com)
[info] 
     ######## #### ########  ######## ########     ###     ######  ########
     ##        ##  ##     ## ##       ##     ##  ##   ##  ##       ##
     ######    ##  ########  ######   ########  #########  ######  ######
     ##        ##  ##    ##  ##       ##     ## ##     ##       ## ##
     ##       #### ##     ## ######## ########  ##     ##  ######  ########

You're about to initialize a Firebase project in this directory:

  /home/user/studio

